<?xml version="1.0" encoding="UTF-8"?>
<!-- Generated by org.testng.reporters.JUnitXMLReporter -->
<testsuite ignored="0" hostname="Sayantans-MacBook-Air.local" failures="0" tests="1" name="Surefire test" time="14.686" errors="0" timestamp="2025-05-19T04:45:54 IST">
  <testcase classname="TestRunner" name="@AfterClass cleanUp" time="0.921">
    <failure type="java.lang.NullPointerException" message="Cannot invoke &amp;quot;org.openqa.selenium.WebElement.click()&amp;quot; because &amp;quot;pages.Sidebar.menu&amp;quot; is null">
      <![CDATA[java.lang.NullPointerException: Cannot invoke "org.openqa.selenium.WebElement.click()" because "pages.Sidebar.menu" is null
at commonutils.CommonUtils.tearDown(CommonUtils.java:30)
at TestRunner.cleanUp(TestRunner.java:79)
at java.base/java.util.ArrayList.forEach(ArrayList.java:1511)
... Removed 31 stack frames]]>
    </failure>
  </testcase> <!-- @AfterClass cleanUp -->
  <testcase classname="io.cucumber.testng.AbstractTestNGCucumberTests" name="runScenario" time="3.628"/>
</testsuite> <!-- Surefire test -->
