-------------------------------------------------------------------------------
Test set: TestRunner
-------------------------------------------------------------------------------
Tests run: 2, Failures: 1, Errors: 0, Skipped: 0, Time elapsed: 15.607 s <<< FAILURE! - in TestRunner
cleanUp(TestRunner)  Time elapsed: 4.575 s  <<< FAILURE!
java.lang.NullPointerException: Cannot invoke "org.openqa.selenium.WebElement.click()" because "pages.Sidebar.menu" is null
	at TestRunner.cleanUp(TestRunner.java:79)

