<?xml version="1.0" encoding="UTF-8"?>
<testng-results ignored="0" total="1" passed="1" failed="0" skipped="0">
  <reporter-output>
  </reporter-output>
  <suite started-at="2025-05-12T04:33:23 IST" name="Surefire suite" finished-at="2025-05-12T04:33:48 IST" duration-ms="25299">
    <groups>
      <group name="cucumber">
        <method signature="AbstractTestNGCucumberTests.runScenario(io.cucumber.testng.PickleWrapper,io.cucumber.testng.FeatureWrapper)[pri:0, instance:TestRunner@4da855dd]" name="runScenario" class="io.cucumber.testng.AbstractTestNGCucumberTests"/>
      </group> <!-- cucumber -->
    </groups>
    <test started-at="2025-05-12T04:33:23 IST" name="Surefire test" finished-at="2025-05-12T04:33:48 IST" duration-ms="25299">
      <class name="TestRunner">
        <test-method is-config="true" signature="setUpClass(org.testng.ITestContext)[pri:0, instance:TestRunner@4da855dd]" started-at="2025-05-12T04:33:23 IST" name="setUpClass" finished-at="2025-05-12T04:33:24 IST" duration-ms="840" status="PASS">
          <params>
            <param index="0">
              <value>
                <![CDATA[org.testng.TestRunner@4315c28c]]>
              </value>
            </param>
          </params>
          <reporter-output>
          </reporter-output>
        </test-method> <!-- setUpClass -->
        <test-method is-config="true" signature="startReport()[pri:0, instance:TestRunner@4da855dd]" started-at="2025-05-12T04:33:24 IST" name="startReport" finished-at="2025-05-12T04:33:24 IST" duration-ms="271" status="PASS">
          <reporter-output>
          </reporter-output>
        </test-method> <!-- startReport -->
        <test-method signature="runScenario(io.cucumber.testng.PickleWrapper,io.cucumber.testng.FeatureWrapper)[pri:0, instance:TestRunner@4da855dd]" started-at="2025-05-12T04:33:24 IST" name="runScenario" description="Runs Cucumber Scenarios" data-provider="scenarios" finished-at="2025-05-12T04:33:48 IST" duration-ms="23996" status="PASS">
          <params>
            <param index="0">
              <value>
                <![CDATA["Swag Labs Login"]]>
              </value>
            </param>
            <param index="1">
              <value>
                <![CDATA["Swag Labs Login"]]>
              </value>
            </param>
          </params>
          <reporter-output>
          </reporter-output>
        </test-method> <!-- runScenario -->
        <test-method is-config="true" signature="tearDownClass()[pri:0, instance:TestRunner@4da855dd]" started-at="2025-05-12T04:33:48 IST" name="tearDownClass" finished-at="2025-05-12T04:33:48 IST" duration-ms="115" status="PASS">
          <reporter-output>
          </reporter-output>
        </test-method> <!-- tearDownClass -->
      </class> <!-- TestRunner -->
    </test> <!-- Surefire test -->
  </suite> <!-- Surefire suite -->
</testng-results>
