<?xml version="1.0" encoding="UTF-8"?>
<testng-results ignored="0" total="1" passed="1" failed="0" skipped="0">
  <reporter-output>
  </reporter-output>
  <suite started-at="2025-05-24T17:44:48 IST" name="Surefire suite" finished-at="2025-05-24T17:45:29 IST" duration-ms="41629">
    <groups>
      <group name="cucumber">
        <method signature="AbstractTestNGCucumberTests.runScenario(io.cucumber.testng.PickleWrapper,io.cucumber.testng.FeatureWrapper)[pri:0, instance:TestRunner@4c9f8c13]" name="runScenario" class="io.cucumber.testng.AbstractTestNGCucumberTests"/>
      </group> <!-- cucumber -->
    </groups>
    <test started-at="2025-05-24T17:44:48 IST" name="Surefire test" finished-at="2025-05-24T17:45:29 IST" duration-ms="41629">
      <class name="TestRunner">
        <test-method is-config="true" signature="setUpClass(org.testng.ITestContext)[pri:0, instance:TestRunner@4c9f8c13]" started-at="2025-05-24T17:44:48 IST" name="setUpClass" finished-at="2025-05-24T17:44:49 IST" duration-ms="984" status="PASS">
          <params>
            <param index="0">
              <value>
                <![CDATA[org.testng.TestRunner@5c4714ef]]>
              </value>
            </param>
          </params>
          <reporter-output>
          </reporter-output>
        </test-method> <!-- setUpClass -->
        <test-method is-config="true" signature="startReport()[pri:0, instance:TestRunner@4c9f8c13]" started-at="2025-05-24T17:44:49 IST" name="startReport" finished-at="2025-05-24T17:45:00 IST" duration-ms="11374" status="PASS">
          <reporter-output>
          </reporter-output>
        </test-method> <!-- startReport -->
        <test-method signature="runScenario(io.cucumber.testng.PickleWrapper,io.cucumber.testng.FeatureWrapper)[pri:0, instance:TestRunner@4c9f8c13]" started-at="2025-05-24T17:45:00 IST" name="runScenario" description="Runs Cucumber Scenarios" data-provider="scenarios" finished-at="2025-05-24T17:45:24 IST" duration-ms="23975" status="PASS">
          <params>
            <param index="0">
              <value>
                <![CDATA["Swag Labs Login"]]>
              </value>
            </param>
            <param index="1">
              <value>
                <![CDATA["Swag Labs Login"]]>
              </value>
            </param>
          </params>
          <reporter-output>
          </reporter-output>
        </test-method> <!-- runScenario -->
        <test-method is-config="true" signature="cleanUp()[pri:0, instance:TestRunner@4c9f8c13]" started-at="2025-05-24T17:45:24 IST" name="cleanUp" finished-at="2025-05-24T17:45:29 IST" duration-ms="5077" status="PASS">
          <reporter-output>
          </reporter-output>
        </test-method> <!-- cleanUp -->
        <test-method is-config="true" signature="tearDownClass()[pri:0, instance:TestRunner@4c9f8c13]" started-at="2025-05-24T17:45:29 IST" name="tearDownClass" finished-at="2025-05-24T17:45:29 IST" duration-ms="144" status="PASS">
          <reporter-output>
          </reporter-output>
        </test-method> <!-- tearDownClass -->
      </class> <!-- TestRunner -->
    </test> <!-- Surefire test -->
  </suite> <!-- Surefire suite -->
</testng-results>
